[0mGET / [32m200 [0m10.852 ms - 415[0m
[0mGET /stylesheets/style.css [32m200 [0m3.408 ms - 393[0m
[0mGET / [36m304 [0m1.271 ms - -[0m
[0mGET /stylesheets/style.css [36m304 [0m0.567 ms - -[0m
[0mGET /blogList [32m200 [0m0.993 ms - 380[0m
[0mGET /stylesheets/style.css [36m304 [0m0.279 ms - -[0m
[0mGET /blogAdd [32m200 [0m0.907 ms - 367[0m
[0mGET /stylesheets/style.css [36m304 [0m0.226 ms - -[0m
[0mGET /blogList [36m304 [0m0.749 ms - -[0m
[0mGET /stylesheets/style.css [36m304 [0m0.237 ms - -[0m
[0mGET /blogList [36m304 [0m0.676 ms - -[0m
[0mGET /stylesheets/style.css [36m304 [0m0.327 ms - -[0m
[0mGET /blogList [36m304 [0m0.585 ms - -[0m
[0mGET /stylesheets/style.css [36m304 [0m0.254 ms - -[0m
[0mGET / [36m304 [0m0.599 ms - -[0m
[0mGET /stylesheets/style.css [36m304 [0m0.230 ms - -[0m
[0mGET /blogList [36m304 [0m0.622 ms - -[0m
[0mGET /stylesheets/style.css [36m304 [0m0.264 ms - -[0m
[0mGET /blogAdd [36m304 [0m0.863 ms - -[0m
[0mGET /stylesheets/style.css [36m304 [0m0.243 ms - -[0m
[0mGET /blogList [36m304 [0m0.609 ms - -[0m
[0mGET /stylesheets/style.css [36m304 [0m0.237 ms - -[0m
[0mGET / [36m304 [0m0.621 ms - -[0m
[0mGET /stylesheets/style.css [36m304 [0m0.258 ms - -[0m
[0mGET / [32m200 [0m0.647 ms - 415[0m
[0mGET /stylesheets/style.css [32m200 [0m0.624 ms - 393[0m
[0mGET / [32m200 [0m0.563 ms - 415[0m
[0mGET /favicon.ico [33m404 [0m1.498 ms - 913[0m
[0mGET / [36m304 [0m0.571 ms - -[0m
[0mGET /stylesheets/style.css [36m304 [0m0.260 ms - -[0m
[0mGET /blogList [36m304 [0m0.631 ms - -[0m
[0mGET /stylesheets/style.css [36m304 [0m0.228 ms - -[0m
[0mGET /blogAdd [36m304 [0m0.630 ms - -[0m
[0mGET /stylesheets/style.css [36m304 [0m0.273 ms - -[0m
[0mGET /blogList [36m304 [0m0.604 ms - -[0m
[0mGET /stylesheets/style.css [36m304 [0m0.295 ms - -[0m
[0mGET / [36m304 [0m0.605 ms - -[0m
[0mGET /stylesheets/style.css [36m304 [0m0.254 ms - -[0m
[0mGET /blogList [36m304 [0m0.615 ms - -[0m
[0mGET /stylesheets/style.css [36m304 [0m0.255 ms - -[0m
[0mGET /blogAdd [36m304 [0m0.593 ms - -[0m
[0mGET /stylesheets/style.css [36m304 [0m0.237 ms - -[0m
[0mGET /blogList [36m304 [0m0.574 ms - -[0m
[0mGET /stylesheets/style.css [36m304 [0m0.271 ms - -[0m
[0mGET / [36m304 [0m0.529 ms - -[0m
[0mGET /stylesheets/style.css [36m304 [0m0.328 ms - -[0m
[0mGET / [36m304 [0m0.591 ms - -[0m
[0mGET /stylesheets/style.css [36m304 [0m0.241 ms - -[0m
[0mGET /blogList [36m304 [0m0.617 ms - -[0m
[0mGET /stylesheets/style.css [36m304 [0m0.242 ms - -[0m
[0mGET /blogAdd [36m304 [0m0.584 ms - -[0m
[0mGET /stylesheets/style.css [36m304 [0m0.251 ms - -[0m
[0mGET /blogList [36m304 [0m0.590 ms - -[0m
[0mGET /stylesheets/style.css [36m304 [0m0.234 ms - -[0m
[0mGET / [36m304 [0m0.610 ms - -[0m
[0mGET /stylesheets/style.css [36m304 [0m0.235 ms - -[0m
[0mGET /blogList [36m304 [0m0.601 ms - -[0m
[0mGET /stylesheets/style.css [36m304 [0m0.292 ms - -[0m
[0mGET /blogAdd [36m304 [0m0.603 ms - -[0m
[0mGET /stylesheets/style.css [36m304 [0m0.270 ms - -[0m
[0mGET /blogList [36m304 [0m0.626 ms - -[0m
[0mGET /stylesheets/style.css [36m304 [0m0.268 ms - -[0m
[0mGET / [36m304 [0m2.347 ms - -[0m
[0mGET /stylesheets/style.css [36m304 [0m0.250 ms - -[0m
[0mGET /blogList [36m304 [0m0.566 ms - -[0m
[0mGET /stylesheets/style.css [36m304 [0m0.265 ms - -[0m
[0mGET /blogAdd [36m304 [0m0.564 ms - -[0m
[0mGET /stylesheets/style.css [36m304 [0m0.242 ms - -[0m
[0mGET /blogList [36m304 [0m0.574 ms - -[0m
[0mGET /stylesheets/style.css [36m304 [0m0.234 ms - -[0m
[0mGET / [36m304 [0m0.567 ms - -[0m
[0mGET /stylesheets/style.css [36m304 [0m0.289 ms - -[0m
[0mGET /blogList [36m304 [0m0.580 ms - -[0m
[0mGET /stylesheets/style.css [36m304 [0m0.283 ms - -[0m
[0mGET /blogAdd [36m304 [0m0.581 ms - -[0m
[0mGET /stylesheets/style.css [36m304 [0m0.264 ms - -[0m
[0mGET /blogList [36m304 [0m0.603 ms - -[0m
[0mGET /stylesheets/style.css [36m304 [0m0.291 ms - -[0m
[0mGET / [36m304 [0m0.590 ms - -[0m
[0mGET /stylesheets/style.css [36m304 [0m0.247 ms - -[0m
[0mGET /blogList [36m304 [0m0.595 ms - -[0m
[0mGET /stylesheets/style.css [36m304 [0m0.262 ms - -[0m
[0mGET /blogAdd [36m304 [0m0.595 ms - -[0m
[0mGET /stylesheets/style.css [36m304 [0m0.259 ms - -[0m
[0mGET /blogList [36m304 [0m0.611 ms - -[0m
[0mGET /stylesheets/style.css [36m304 [0m0.243 ms - -[0m
[0mGET / [36m304 [0m0.588 ms - -[0m
[0mGET /stylesheets/style.css [36m304 [0m0.232 ms - -[0m
[0mGET /blogList [36m304 [0m0.602 ms - -[0m
[0mGET /stylesheets/style.css [36m304 [0m0.280 ms - -[0m
[0mGET /blogAdd [36m304 [0m0.592 ms - -[0m
[0mGET /stylesheets/style.css [36m304 [0m0.216 ms - -[0m
[0mGET /blogList [36m304 [0m0.597 ms - -[0m
[0mGET /stylesheets/style.css [36m304 [0m0.236 ms - -[0m
[0mGET / [36m304 [0m0.576 ms - -[0m
[0mGET /stylesheets/style.css [36m304 [0m0.255 ms - -[0m
[0mGET /blogList [36m304 [0m0.602 ms - -[0m
[0mGET /stylesheets/style.css [36m304 [0m0.258 ms - -[0m
[0mGET /blogAdd [36m304 [0m0.585 ms - -[0m
[0mGET /stylesheets/style.css [36m304 [0m0.263 ms - -[0m
[0mGET /blogList [36m304 [0m0.594 ms - -[0m
[0mGET /stylesheets/style.css [36m304 [0m0.257 ms - -[0m
[0mGET / [36m304 [0m2.983 ms - -[0m
[0mGET /stylesheets/style.css [36m304 [0m0.492 ms - -[0m
[0mGET /blogList [36m304 [0m0.847 ms - -[0m
[0mGET /stylesheets/style.css [36m304 [0m0.316 ms - -[0m
[0mGET /blogAdd [36m304 [0m0.631 ms - -[0m
[0mGET /stylesheets/style.css [36m304 [0m0.249 ms - -[0m
[0mGET /blogList [36m304 [0m0.647 ms - -[0m
[0mGET /stylesheets/style.css [36m304 [0m0.298 ms - -[0m
[0mGET / [36m304 [0m0.645 ms - -[0m
[0mGET /stylesheets/style.css [36m304 [0m0.270 ms - -[0m
[0mGET /blogList [36m304 [0m0.601 ms - -[0m
[0mGET /stylesheets/style.css [36m304 [0m0.279 ms - -[0m
[0mGET /blogAdd [36m304 [0m0.587 ms - -[0m
[0mGET /stylesheets/style.css [36m304 [0m0.253 ms - -[0m
[0mGET /blogList [36m304 [0m0.593 ms - -[0m
[0mGET /stylesheets/style.css [36m304 [0m0.243 ms - -[0m
[0mGET / [36m304 [0m0.595 ms - -[0m
[0mGET /stylesheets/style.css [36m304 [0m0.258 ms - -[0m
[0mGET /blogList [36m304 [0m0.637 ms - -[0m
[0mGET /stylesheets/style.css [36m304 [0m0.276 ms - -[0m
[0mGET /blogAdd [36m304 [0m0.608 ms - -[0m
[0mGET /stylesheets/style.css [36m304 [0m0.244 ms - -[0m
[0mGET /blogList [36m304 [0m1.082 ms - -[0m
[0mGET /stylesheets/style.css [36m304 [0m0.217 ms - -[0m
[0mGET / [36m304 [0m0.599 ms - -[0m
[0mGET /stylesheets/style.css [36m304 [0m0.259 ms - -[0m
[0mGET /blogAdd [36m304 [0m0.585 ms - -[0m
[0mGET /stylesheets/style.css [36m304 [0m0.239 ms - -[0m
[0mGET /blogList [36m304 [0m1.119 ms - -[0m
[0mGET /stylesheets/style.css [36m304 [0m0.546 ms - -[0m
[0mGET / [36m304 [0m0.855 ms - -[0m
[0mGET /stylesheets/style.css [36m304 [0m0.344 ms - -[0m
[0mGET /blogList [36m304 [0m0.601 ms - -[0m
[0mGET /stylesheets/style.css [36m304 [0m0.272 ms - -[0m
[0mGET /blogAdd [36m304 [0m0.625 ms - -[0m
[0mGET /stylesheets/style.css [36m304 [0m0.364 ms - -[0m
[0mGET / [36m304 [0m0.612 ms - -[0m
[0mGET /stylesheets/style.css [36m304 [0m0.274 ms - -[0m
[0mGET / [32m200 [0m0.601 ms - 415[0m
[0mGET / [32m200 [0m0.591 ms - 415[0m
[0mGET / [32m200 [0m0.612 ms - 415[0m
[0mGET / [32m200 [0m0.567 ms - 415[0m
[0mGET /stylesheets/style.css [32m200 [0m0.657 ms - 393[0m
[0mGET /favicon.ico [33m404 [0m1.132 ms - 913[0m
[0mGET /blogList [32m200 [0m0.619 ms - 380[0m
[0mGET /stylesheets/style.css [36m304 [0m0.324 ms - -[0m
[0mGET /blogAdd [32m200 [0m0.620 ms - 367[0m
[0mGET /stylesheets/style.css [36m304 [0m0.317 ms - -[0m
[0mGET / [36m304 [0m0.669 ms - -[0m
[0mGET /stylesheets/style.css [36m304 [0m0.320 ms - -[0m
[0mGET /blogList [36m304 [0m2.456 ms - -[0m
[0mGET /stylesheets/style.css [36m304 [0m0.919 ms - -[0m
[0mGET /blogAdd [36m304 [0m0.616 ms - -[0m
[0mGET /stylesheets/style.css [36m304 [0m0.302 ms - -[0m
[0mGET / [36m304 [0m0.614 ms - -[0m
[0mGET /stylesheets/style.css [36m304 [0m0.307 ms - -[0m
[0mGET / [32m200 [0m0.615 ms - 415[0m
[0mGET /stylesheets/style.css [32m200 [0m0.524 ms - 393[0m
[0mGET /favicon.ico [33m404 [0m0.770 ms - 913[0m
[0mGET / [36m304 [0m0.616 ms - -[0m
[0mGET /stylesheets/style.css [36m304 [0m0.306 ms - -[0m
[0mGET /blogList [32m200 [0m0.607 ms - 380[0m
[0mGET /stylesheets/style.css [36m304 [0m0.333 ms - -[0m
[0mGET /favicon.ico [33m404 [0m0.719 ms - 913[0m
[0mGET /blogAdd [32m200 [0m0.610 ms - 367[0m
[0mGET /stylesheets/style.css [36m304 [0m0.304 ms - -[0m
[0mGET /favicon.ico [33m404 [0m1.306 ms - 913[0m
[0mGET /JZHp [33m404 [0m0.784 ms - 913[0m
[0mGET / [32m200 [0m1.130 ms - 415[0m
[0mGET / [32m200 [0m0.601 ms - 415[0m
[0mGET / [32m200 [0m0.604 ms - 415[0m
[0mGET / [32m200 [0m0.623 ms - 415[0m
[0mGET / [32m200 [0m0.660 ms - 415[0m
[0mPROPFIND / [33m404 [0m0.675 ms - 913[0m
[0mGET /webdav/ [33m404 [0m0.778 ms - 913[0m
[0mGET /help.php [33m404 [0m0.743 ms - 913[0m
[0mGET /java.php [33m404 [0m0.701 ms - 913[0m
[0mGET /_query.php [33m404 [0m0.718 ms - 913[0m
[0mGET /test.php [33m404 [0m0.710 ms - 913[0m
[0mGET /db_cts.php [33m404 [0m0.729 ms - 913[0m
[0mGET /db_pma.php [33m404 [0m1.201 ms - 913[0m
[0mGET /logon.php [33m404 [0m0.717 ms - 913[0m
[0mGET /license.php [33m404 [0m0.708 ms - 913[0m
[0mGET /log.php [33m404 [0m0.704 ms - 913[0m
[0mGET /hell.php [33m404 [0m0.704 ms - 913[0m
[0mGET /x.php [33m404 [0m0.714 ms - 913[0m
[0mGET /shell.php [33m404 [0m0.714 ms - 913[0m
[0mGET /htdocs.php [33m404 [0m0.713 ms - 913[0m
[0mGET /desktop.ini.php [33m404 [0m0.746 ms - 913[0m
[0mGET /z.php [33m404 [0m0.680 ms - 913[0m
[0mGET /lala.php [33m404 [0m2.695 ms - 913[0m
[0mGET /lala-dpr.php [33m404 [0m0.708 ms - 913[0m
[0mGET /wpo.php [33m404 [0m1.152 ms - 913[0m
[0mGET /text.php [33m404 [0m0.719 ms - 913[0m
[0mGET /wp-config.php [33m404 [0m0.712 ms - 913[0m
[0mGET /muhstik.php [33m404 [0m0.721 ms - 913[0m
[0mGET /muhstik2.php [33m404 [0m0.737 ms - 913[0m
[0mGET /muhstiks.php [33m404 [0m0.710 ms - 913[0m
[0mGET /muhstik-dpr.php [33m404 [0m0.720 ms - 913[0m
[0mGET /uploader.php [33m404 [0m0.731 ms - 913[0m
[0mGET /cmd.php [33m404 [0m0.707 ms - 913[0m
[0mGET /cmv.php [33m404 [0m0.700 ms - 913[0m
[0mGET /cmdd.php [33m404 [0m0.707 ms - 913[0m
[0mGET /knal.php [33m404 [0m0.705 ms - 913[0m
[0mGET /cmd.php [33m404 [0m0.746 ms - 913[0m
[0mGET /shell.php [33m404 [0m1.068 ms - 913[0m
[0mGET /appserv.php [33m404 [0m0.708 ms - 913[0m
[0mGET /scripts/setup.php [33m404 [0m0.712 ms - 913[0m
[0mGET /phpmyadmin/scripts/setup.php [33m404 [0m0.731 ms - 913[0m
[0mGET /phpMyAdmin/scripts/setup.php [33m404 [0m0.706 ms - 913[0m
[0mGET /phpmyadmin/scripts/db___.init.php [33m404 [0m0.735 ms - 913[0m
[0mGET /phpMyAdmin/scripts/db___.init.php [33m404 [0m0.731 ms - 913[0m
[0mGET /plugins/weathermap/editor.php [33m404 [0m0.729 ms - 913[0m
[0mGET /cacti/plugins/weathermap/editor.php [33m404 [0m0.738 ms - 913[0m
[0mPOST /wuwu11.php [33m404 [0m14.643 ms - 913[0m
[0mPOST /xw.php [33m404 [0m0.933 ms - 913[0m
[0mPOST /xw1.php [33m404 [0m0.777 ms - 913[0m
[0mPOST /9678.php [33m404 [0m0.733 ms - 913[0m
[0mPOST /wc.php [33m404 [0m0.731 ms - 913[0m
[0mPOST /xx.php [33m404 [0m0.791 ms - 913[0m
[0mPOST /s.php [33m404 [0m0.746 ms - 913[0m
[0mPOST /w.php [33m404 [0m0.738 ms - 913[0m
[0mPOST /sheep.php [33m404 [0m1.558 ms - 913[0m
[0mPOST /qaq.php [33m404 [0m0.787 ms - 913[0m
[0mPOST /db.init.php [33m404 [0m0.729 ms - 913[0m
[0mPOST /db_session.init.php [33m404 [0m0.761 ms - 913[0m
[0mPOST /db__.init.php [33m404 [0m0.783 ms - 913[0m
[0mPOST /wp-admins.php [33m404 [0m0.783 ms - 913[0m
[0mPOST /m.php?pbid=open [33m404 [0m0.742 ms - 913[0m
[0mPOST /db_dataml.php [33m404 [0m0.779 ms - 913[0m
[0mPOST /db_desql.php [33m404 [0m0.748 ms - 913[0m
[0mPOST /mx.php [33m404 [0m0.752 ms - 913[0m
[0mPOST /wshell.php [33m404 [0m0.792 ms - 913[0m
[0mPOST /xshell.php [33m404 [0m1.336 ms - 913[0m
[0mPOST /qq.php [33m404 [0m0.726 ms - 913[0m
[0mPOST /conflg.php [33m404 [0m0.739 ms - 913[0m
[0mPOST /conflg.php [33m404 [0m0.738 ms - 913[0m
[0mPOST /lindex.php [33m404 [0m0.747 ms - 913[0m
[0mPOST /phpstudy.php [33m404 [0m0.747 ms - 913[0m
[0mPOST /phpStudy.php [33m404 [0m0.719 ms - 913[0m
[0mPOST /weixiao.php [33m404 [0m0.731 ms - 913[0m
[0mPOST /feixiang.php [33m404 [0m0.739 ms - 913[0m
[0mPOST /ak47.php [33m404 [0m0.742 ms - 913[0m
[0mPOST /ak48.php [33m404 [0m0.736 ms - 913[0m
[0mPOST /xiao.php [33m404 [0m0.760 ms - 913[0m
[0mPOST /yao.php [33m404 [0m0.788 ms - 913[0m
[0mPOST /defect.php [33m404 [0m1.132 ms - 913[0m
[0mPOST /webslee.php [33m404 [0m0.722 ms - 913[0m
[0mPOST /q.php [33m404 [0m0.724 ms - 913[0m
[0mPOST /pe.php [33m404 [0m0.721 ms - 913[0m
[0mPOST /cainiao.php [33m404 [0m0.796 ms - 913[0m
[0mPOST /zuoshou.php [33m404 [0m0.740 ms - 913[0m
[0mPOST /zuo.php [33m404 [0m0.748 ms - 913[0m
[0mPOST /aotu.php [33m404 [0m0.747 ms - 913[0m
[0mPOST /aotu7.php [33m404 [0m0.728 ms - 913[0m
[0mPOST /cmd.php [33m404 [0m0.734 ms - 913[0m
[0mPOST /bak.php [33m404 [0m0.726 ms - 913[0m
[0mPOST /system.php [33m404 [0m0.781 ms - 913[0m
[0mPOST /l6.php [33m404 [0m0.752 ms - 913[0m
[0mPOST /l7.php [33m404 [0m0.734 ms - 913[0m
[0mPOST /l8.php [33m404 [0m0.722 ms - 913[0m
[0mPOST /q.php [33m404 [0m0.726 ms - 913[0m
[0mPOST /mz.php [33m404 [0m0.729 ms - 913[0m
[0mPOST /xx.php [33m404 [0m0.735 ms - 913[0m
[0mPOST /yumo.php [33m404 [0m0.743 ms - 913[0m
[0mPOST /min.php [33m404 [0m0.754 ms - 913[0m
[0mPOST /wan.php [33m404 [0m0.714 ms - 913[0m
[0mPOST /wanan.php [33m404 [0m0.728 ms - 913[0m
[0mPOST /aw.php [33m404 [0m4.145 ms - 913[0m
[0mPOST /12.php [33m404 [0m0.739 ms - 913[0m
[0mPOST /hh.php [33m404 [0m0.731 ms - 913[0m
[0mPOST /ak.php [33m404 [0m0.745 ms - 913[0m
[0mPOST /ip.php [33m404 [0m0.736 ms - 913[0m
[0mPOST /infoo.php [33m404 [0m0.762 ms - 913[0m
[0mPOST /qq.php [33m404 [0m0.712 ms - 913[0m
[0mPOST /qwe.php [33m404 [0m0.730 ms - 913[0m
[0mPOST /1213.php [33m404 [0m0.757 ms - 913[0m
[0mPOST /post.php [33m404 [0m0.743 ms - 913[0m
[0mPOST /aaaa.php [33m404 [0m0.735 ms - 913[0m
[0mPOST /h1.php [33m404 [0m0.751 ms - 913[0m
[0mPOST /test.php [33m404 [0m0.726 ms - 913[0m
[0mPOST /3.php [33m404 [0m0.719 ms - 913[0m
[0mPOST /phpinfi.php [33m404 [0m0.724 ms - 913[0m
[0mPOST /9510.php [33m404 [0m0.739 ms - 913[0m
[0mPOST /python.php [33m404 [0m0.737 ms - 913[0m
[0mPOST /default.php [33m404 [0m0.729 ms - 913[0m
[0mPOST /sean.php [33m404 [0m0.774 ms - 913[0m
[0mPOST /app.php [33m404 [0m0.728 ms - 913[0m
[0mPOST /help.php [33m404 [0m0.731 ms - 913[0m
[0mPOST /tiandi.php [33m404 [0m0.728 ms - 913[0m
[0mPOST /miao.php [33m404 [0m0.755 ms - 913[0m
[0mPOST /xz.php [33m404 [0m0.743 ms - 913[0m
[0mPOST /linuxse.php [33m404 [0m0.723 ms - 913[0m
[0mPOST /zuoindex.php [33m404 [0m0.766 ms - 913[0m
[0mPOST /tomcat.php [33m404 [0m0.739 ms - 913[0m
[0mPOST /ceshi.php [33m404 [0m0.721 ms - 913[0m
[0mPOST /1hou.php [33m404 [0m0.735 ms - 913[0m
[0mPOST /ou2.php [33m404 [0m7.533 ms - 913[0m
[0mPOST /zuos.php [33m404 [0m1.109 ms - 913[0m
[0mPOST /zuoss.php [33m404 [0m0.725 ms - 913[0m
[0mPOST /zuoshss.php [33m404 [0m0.738 ms - 913[0m
[0mPOST /boots.php [33m404 [0m0.782 ms - 913[0m
[0mPOST /she.php [33m404 [0m0.734 ms - 913[0m
[0mPOST /s.php [33m404 [0m0.752 ms - 913[0m
[0mPOST /qw.php [33m404 [0m0.736 ms - 913[0m
[0mPOST /test.php [33m404 [0m0.743 ms - 913[0m
[0mPOST /caonma.php [33m404 [0m0.731 ms - 913[0m
[0mPOST /ss.php [33m404 [0m0.767 ms - 913[0m
[0mPOST /wcp.php [33m404 [0m0.737 ms - 913[0m
[0mPOST /u.php [33m404 [0m0.747 ms - 913[0m
[0mPOST /uuu.php [33m404 [0m0.738 ms - 913[0m
[0mPOST /sss.php [33m404 [0m1.126 ms - 913[0m
[0mPOST /1.php [33m404 [0m0.764 ms - 913[0m
[0mPOST /2.php [33m404 [0m0.734 ms - 913[0m
[0mPOST /core.php [33m404 [0m0.789 ms - 913[0m
[0mPOST /qaz.php [33m404 [0m0.739 ms - 913[0m
[0mPOST /sha.php [33m404 [0m0.747 ms - 913[0m
[0mPOST /ppx.php [33m404 [0m0.730 ms - 913[0m
[0mPOST /1.php [33m404 [0m0.725 ms - 913[0m
[0mPOST /confg.php [33m404 [0m0.740 ms - 913[0m
[0mPOST /conf1g.php [33m404 [0m0.766 ms - 913[0m
[0mPOST /confg.php [33m404 [0m0.741 ms - 913[0m
[0mPOST /confg.php [33m404 [0m0.745 ms - 913[0m
[0mPOST /confg.php [33m404 [0m0.749 ms - 913[0m
[0mPOST /ver.php [33m404 [0m1.148 ms - 913[0m
[0mPOST /hack.php [33m404 [0m0.712 ms - 913[0m
[0mPOST /qa.php [33m404 [0m0.724 ms - 913[0m
[0mPOST /Ss.php [33m404 [0m0.773 ms - 913[0m
[0mPOST /xxx.php [33m404 [0m0.737 ms - 913[0m
[0mPOST /92.php [33m404 [0m0.752 ms - 913[0m
[0mPOST /z.php [33m404 [0m0.732 ms - 913[0m
[0mPOST /x.php [33m404 [0m0.753 ms - 913[0m
[0mPOST /dexgp.php [33m404 [0m0.744 ms - 913[0m
[0mPOST /nuoxi.php [33m404 [0m0.727 ms - 913[0m
[0mPOST /godkey.php [33m404 [0m0.740 ms - 913[0m
[0mPOST /okokok.php [33m404 [0m0.786 ms - 913[0m
[0mPOST /erwa.php [33m404 [0m0.757 ms - 913[0m
[0mPOST /pma.php [33m404 [0m0.718 ms - 913[0m
[0mPOST /ruyi.php [33m404 [0m0.753 ms - 913[0m
[0mPOST /51314.php [33m404 [0m0.736 ms - 913[0m
[0mPOST /5201314.php [33m404 [0m0.735 ms - 913[0m
[0mPOST /fusheng.php [33m404 [0m0.756 ms - 913[0m
[0mPOST /general.php [33m404 [0m0.710 ms - 913[0m
[0mPOST /repeat.php [33m404 [0m0.805 ms - 913[0m
[0mPOST /ldw.php [33m404 [0m0.764 ms - 913[0m
[0mPOST /api.php [33m404 [0m0.742 ms - 913[0m
[0mPOST /s1.php [33m404 [0m0.729 ms - 913[0m
[0mPOST /xiaodai.php [33m404 [0m0.732 ms - 913[0m
[0mPOST /hello.php [33m404 [0m0.730 ms - 913[0m
[0mPOST /hello.php [33m404 [0m1.245 ms - 913[0m
[0mPOST /admn.php [33m404 [0m0.734 ms - 913[0m
[0mPOST /hell.php [33m404 [0m0.735 ms - 913[0m
[0mPOST /xp.php [33m404 [0m0.727 ms - 913[0m
[0mPOST /1.php [33m404 [0m0.725 ms - 913[0m
[0mPOST /2.php [33m404 [0m0.735 ms - 913[0m
[0mPOST /1.php [33m404 [0m0.767 ms - 913[0m
[0mPOST /a.php [33m404 [0m0.738 ms - 913[0m
[0mPOST /m.php [33m404 [0m0.731 ms - 913[0m
[0mPOST /conf.php [33m404 [0m0.723 ms - 913[0m
[0mPOST /123.php [33m404 [0m0.760 ms - 913[0m
[0mPOST /HX.php [33m404 [0m0.726 ms - 913[0m
[0mPOST /diy.php [33m404 [0m0.768 ms - 913[0m
[0mPOST /666.php [33m404 [0m1.171 ms - 913[0m
[0mPOST /777.php [33m404 [0m0.786 ms - 913[0m
[0mPOST /qwq.php [33m404 [0m0.746 ms - 913[0m
[0mPOST /.php [33m404 [0m0.743 ms - 913[0m
[0mPOST /infos.php [33m404 [0m0.717 ms - 913[0m
[0mPOST /x.php [33m404 [0m0.788 ms - 913[0m
[0mPOST /lucky.php [33m404 [0m0.720 ms - 913[0m
[0mPOST /htfr.php [33m404 [0m0.717 ms - 913[0m
[0mPOST /zzk.php [33m404 [0m0.750 ms - 913[0m
[0mPOST /uu.php [33m404 [0m0.726 ms - 913[0m
[0mPOST /aa.php [33m404 [0m0.722 ms - 913[0m
[0mPOST /wb.php [33m404 [0m0.733 ms - 913[0m
[0mPOST /yj.php [33m404 [0m0.721 ms - 913[0m
[0mPOST /z.php [33m404 [0m1.098 ms - 913[0m
[0mPOST /7.php [33m404 [0m0.747 ms - 913[0m
[0mPOST /xiaoma.php [33m404 [0m0.728 ms - 913[0m
[0mPOST /xiaomae.php [33m404 [0m0.753 ms - 913[0m
[0mPOST /xiaomar.php [33m404 [0m0.736 ms - 913[0m
[0mPOST /qq.php [33m404 [0m0.761 ms - 913[0m
[0mPOST /data.php [33m404 [0m0.732 ms - 913[0m
[0mPOST /log.php [33m404 [0m0.719 ms - 913[0m
[0mPOST /fack.php [33m404 [0m0.774 ms - 913[0m
[0mPOST /angge.php [33m404 [0m0.734 ms - 913[0m
[0mPOST /db.php [33m404 [0m0.717 ms - 913[0m
[0mPOST /hacly.php [33m404 [0m0.717 ms - 913[0m
[0mPOST /xiaomo.php [33m404 [0m0.733 ms - 913[0m
[0mPOST /xiaoyu.php [33m404 [0m1.170 ms - 913[0m
[0mGET /index.php [33m404 [0m0.715 ms - 913[0m
[0mGET /phpmyadmin/index.php [33m404 [0m0.723 ms - 913[0m
[0mGET /phpMyAdmin/index.php [33m404 [0m0.731 ms - 913[0m
[0mGET /pmd/index.php [33m404 [0m0.711 ms - 913[0m
[0mGET /pma/index.php [33m404 [0m0.692 ms - 913[0m
[0mGET /PMA/index.php [33m404 [0m0.700 ms - 913[0m
[0mGET /PMA2/index.php [33m404 [0m0.720 ms - 913[0m
[0mGET /pmamy2/index.php [33m404 [0m0.738 ms - 913[0m
[0mGET /mysql/index.php [33m404 [0m0.756 ms - 913[0m
[0mGET /admin/index.php [33m404 [0m0.714 ms - 913[0m
[0mGET /db/index.php [33m404 [0m0.706 ms - 913[0m
[0mGET /dbadmin/index.php [33m404 [0m0.712 ms - 913[0m
[0mGET /web/phpMyAdmin/index.php [33m404 [0m1.053 ms - 913[0m
[0mGET /admin/pma/index.php [33m404 [0m0.695 ms - 913[0m
[0mGET /admin/mysql/index.php [33m404 [0m0.741 ms - 913[0m
[0mGET /admin/mysql2/index.php [33m404 [0m0.704 ms - 913[0m
[0mGET /admin/phpmyadmin/index.php [33m404 [0m0.713 ms - 913[0m
[0mGET /admin/phpMyAdmin/index.php [33m404 [0m0.706 ms - 913[0m
[0mGET /admin/phpmyadmin2/index.php [33m404 [0m0.703 ms - 913[0m
[0mGET /mysqladmin/index.php [33m404 [0m0.709 ms - 913[0m
[0mGET /mysql-admin/index.php [33m404 [0m0.738 ms - 913[0m
[0mGET /phpadmin/index.php [33m404 [0m0.738 ms - 913[0m
[0mGET /phpAdmin/index.php [33m404 [0m0.710 ms - 913[0m
[0mGET /phpmyadmin0/index.php [33m404 [0m0.712 ms - 913[0m
[0mGET /phpmyadmin1/index.php [33m404 [0m0.707 ms - 913[0m
[0mGET /phpmyadmin2/index.php [33m404 [0m1.042 ms - 913[0m
[0mGET /phpMyAdmin-4.4.0/index.php [33m404 [0m0.712 ms - 913[0m
[0mGET /myadmin/index.php [33m404 [0m0.696 ms - 913[0m
[0mGET /xampp/phpmyadmin/index.php [33m404 [0m0.707 ms - 913[0m
[0mGET /phpMyadmin_bak/index.php [33m404 [0m0.703 ms - 913[0m
[0mGET /www/phpMyAdmin/index.php [33m404 [0m0.723 ms - 913[0m
[0mGET /tools/phpMyAdmin/index.php [33m404 [0m0.705 ms - 913[0m
[0mGET /phpmyadmin-old/index.php [33m404 [0m0.717 ms - 913[0m
[0mGET /phpMyAdminold/index.php [33m404 [0m0.699 ms - 913[0m
[0mGET /phpMyAdmin.old/index.php [33m404 [0m0.737 ms - 913[0m
[0mGET /pma-old/index.php [33m404 [0m0.707 ms - 913[0m
[0mGET /claroline/phpMyAdmin/index.php [33m404 [0m0.774 ms - 913[0m
[0mGET /typo3/phpmyadmin/index.php [33m404 [0m0.708 ms - 913[0m
[0mGET /phpma/index.php [33m404 [0m1.023 ms - 913[0m
[0mGET /phpmyadmin/phpmyadmin/index.php [33m404 [0m0.705 ms - 913[0m
[0mGET /phpMyAdmin/phpMyAdmin/index.php [33m404 [0m0.711 ms - 913[0m
[0mGET /phpMyAbmin/index.php [33m404 [0m0.695 ms - 913[0m
[0mGET /phpMyAdmin__/index.php [33m404 [0m0.701 ms - 913[0m
[0mGET /phpMyAdmin+++---/index.php [33m404 [0m0.722 ms - 913[0m
[0mGET /v/index.php [33m404 [0m0.714 ms - 913[0m
[0mGET /phpmyadm1n/index.php [33m404 [0m0.706 ms - 913[0m
[0mGET /phpMyAdm1n/index.php [33m404 [0m0.663 ms - 913[0m
[0mGET /phpMyadmi/index.php [33m404 [0m0.697 ms - 913[0m
[0mGET /phpMyAdmion/index.php [33m404 [0m0.748 ms - 913[0m
[0mGET /s/index.php [33m404 [0m2.736 ms - 913[0m
[0mGET /MyAdmin/index.php [33m404 [0m0.709 ms - 913[0m
[0mGET /phpMyAdmin1/index.php [33m404 [0m1.123 ms - 913[0m
[0mGET /phpMyAdmin123/index.php [33m404 [0m0.707 ms - 913[0m
[0mGET /pwd/index.php [33m404 [0m0.697 ms - 913[0m
[0mGET /phpMydmin/index.php [33m404 [0m0.698 ms - 913[0m
[0mGET /phpMyAdmins/index.php [33m404 [0m0.711 ms - 913[0m
[0mGET /program/index.php [33m404 [0m0.702 ms - 913[0m
[0mGET /shopdb/index.php [33m404 [0m0.758 ms - 913[0m
[0mGET /phppma/index.php [33m404 [0m0.680 ms - 913[0m
[0mGET /phpmy/index.php [33m404 [0m0.711 ms - 913[0m
[0mGET /mysql/admin/index.php [33m404 [0m0.698 ms - 913[0m
[0mGET /mysql/dbadmin/index.php [33m404 [0m0.728 ms - 913[0m
[0mGET /mysql/sqlmanager/index.php [33m404 [0m0.695 ms - 913[0m
[0mGET /wp-content/plugins/portable-phpmyadmin/wp-pma-mod/index.php [33m404 [0m0.714 ms - 913[0m
[0mGET /manager/html [33m404 [0m2.922 ms - 913[0m
[0mGET / [32m200 [0m0.570 ms - 415[0m
[0mGET / [32m200 [0m0.592 ms - 415[0m
[0mGET / [32m200 [0m0.582 ms - 415[0m
[0mGET / [32m200 [0m0.603 ms - 415[0m
[0mGET / [32m200 [0m0.392 ms - 415[0m
[0mGET / [32m200 [0m0.596 ms - 415[0m
[0mGET / [32m200 [0m0.574 ms - 415[0m
[0mGET http://www.baidu.com/ [32m200 [0m0.610 ms - 415[0m
[0mGET /mysql/admin/index.php?lang=en [33m404 [0m0.740 ms - 913[0m
[0mGET / [32m200 [0m0.590 ms - 415[0m
[0mGET / [32m200 [0m0.604 ms - 415[0m
[0mGET / [32m200 [0m0.568 ms - 415[0m
[0mGET /favicon.ico [33m404 [0m0.737 ms - 913[0m
[0mGET / [32m200 [0m0.569 ms - 415[0m
[0mGET / [32m200 [0m0.566 ms - 415[0m
[0mGET / [32m200 [0m0.574 ms - 415[0m
[0mGET /TP/public/index.php [33m404 [0m1.177 ms - 913[0m
[0mGET /TP/index.php [33m404 [0m0.712 ms - 913[0m
[0mGET /thinkphp/html/public/index.php [33m404 [0m0.747 ms - 913[0m
[0mGET /html/public/index.php [33m404 [0m0.735 ms - 913[0m
[0mGET /public/index.php [33m404 [0m0.709 ms - 913[0m
[0mGET /TP/html/public/index.php [33m404 [0m0.743 ms - 913[0m
[0mGET /elrekt.php [33m404 [0m0.727 ms - 913[0m
[0mGET /index.php [33m404 [0m0.695 ms - 913[0m
[0mGET / [32m200 [0m0.556 ms - 415[0m
[0mGET / [32m200 [0m0.610 ms - 415[0m
[0mGET / [32m200 [0m0.631 ms - 415[0m
[0mGET / [32m200 [0m0.612 ms - 415[0m
[0mGET / [32m200 [0m0.587 ms - 415[0m
[0mGET / [32m200 [0m0.613 ms - 415[0m
[0mGET / [32m200 [0m0.569 ms - 415[0m
[0mGET / [32m200 [0m0.578 ms - 415[0m
[0mGET / [32m200 [0m0.552 ms - 415[0m
[0mGET / [32m200 [0m0.574 ms - 415[0m
[0mGET / [32m200 [0m0.544 ms - 415[0m
[0mGET / [32m200 [0m0.558 ms - 415[0m
[0mGET / [32m200 [0m0.549 ms - 415[0m
